==============================================================================
Tests                                                                         
==============================================================================
Tests.sauceLabs                                                               
==============================================================================
Tests.sauceLabs.basicSearch                                                   
==============================================================================
Verify Login Functionality :: This testcase verifies the Login Fun... | PASS |
------------------------------------------------------------------------------
Verify Continue Shopping Button is navigating to correct Page :: T... | PASS |
------------------------------------------------------------------------------
Tests.sauceLabs.basicSearch                                           | PASS |
2 tests, 2 passed, 0 failed
==============================================================================
Tests.sauceLabs                                                       | PASS |
2 tests, 2 passed, 0 failed
==============================================================================
Tests                                                                 | PASS |
2 tests, 2 passed, 0 failed
==============================================================================
Output:  D:\RobotFramework_AIS\Results\pabot_results\2\output.xml
