==============================================================================
Tests                                                                         
==============================================================================
Tests.sauceLabs                                                               
==============================================================================
Tests.sauceLabs.invalidLoginTest                                              
==============================================================================
Right user wrong pass                                                 | PASS |
------------------------------------------------------------------------------
Wrong user correct pass                                               | PASS |
------------------------------------------------------------------------------
Locked out user                                                       | PASS |
------------------------------------------------------------------------------
Right user empty pass                                                 | PASS |
------------------------------------------------------------------------------
Tests.sauceLabs.invalidLoginTest                                      | PASS |
4 tests, 4 passed, 0 failed
==============================================================================
Tests.sauceLabs                                                       | PASS |
4 tests, 4 passed, 0 failed
==============================================================================
Tests                                                                 | PASS |
4 tests, 4 passed, 0 failed
==============================================================================
Output:  D:\RobotFramework_AIS\Results\pabot_results\3\output.xml
